#
# There is insufficient memory for the Java Runtime Environment to continue.
# Native memory allocation (mmap) failed to map 260046848 bytes for Failed to commit area from 0x0000000709e00000 to 0x0000000719600000 of length 260046848.
# Possible reasons:
#   The system is out of physical RAM or swap space
#   The process is running with CompressedOops enabled, and the Java Heap may be blocking the growth of the native heap
# Possible solutions:
#   Reduce memory load on the system
#   Increase physical memory or swap space
#   Check if swap backing store is full
#   Decrease Java heap size (-Xmx/-Xms)
#   Decrease number of Java threads
#   Decrease Java thread stack sizes (-Xss)
#   Set larger code cache with -XX:ReservedCodeCacheSize=
# This output file may be truncated or incomplete.
#
#  Out of Memory Error (./src/hotspot/os/windows/os_windows.cpp:3301), pid=30624, tid=18948
#
# JRE version:  (11.0.10) (build )
# Java VM: OpenJDK 64-Bit Server VM (11.0.10+0-b96-7249189, mixed mode, sharing, tiered, compressed oops, g1 gc, windows-amd64)
# No core dump will be written. Minidumps are not enabled by default on client versions of Windows
#

---------------  S U M M A R Y ------------

Command Line: org.jetbrains.kotlin.cli.jvm.K2JVMCompiler @D:\School\CriminalApp\app\build\20211103_3982551130540625102.compiler.options

Host: AMD Ryzen 5 4600G with Radeon Graphics, 12 cores, 15G,  Windows 10 , 64 bit Build 19041 (10.0.19041.1202)
Time: Wed Nov  3 19:13:10 2021 US Eastern Daylight Time elapsed time: 0.007466 seconds (0d 0h 0m 0s)

---------------  T H R E A D  ---------------

Current thread (0x000001c25499c800):  JavaThread "Unknown thread" [_thread_in_vm, id=18948, stack(0x00000071ee300000,0x00000071ee400000)]

Stack: [0x00000071ee300000,0x00000071ee400000]
Native frames: (J=compiled Java code, j=interpreted, Vv=VM code, C=native code)
V  [jvm.dll+0x5ecfaa]
V  [jvm.dll+0x722bd5]
V  [jvm.dll+0x72412d]
V  [jvm.dll+0x7247e3]
V  [jvm.dll+0x242928]
V  [jvm.dll+0x5ea374]
V  [jvm.dll+0x5df425]
V  [jvm.dll+0x2fdebb]
V  [jvm.dll+0x2fde2a]
V  [jvm.dll+0x2fdd02]
V  [jvm.dll+0x302bf6]
V  [jvm.dll+0x34b2a3]
V  [jvm.dll+0x34b9a6]
V  [jvm.dll+0x34b3a3]
V  [jvm.dll+0x2d8888]
V  [jvm.dll+0x2d9a37]
V  [jvm.dll+0x701737]
V  [jvm.dll+0x702f2c]
V  [jvm.dll+0x3587d9]
V  [jvm.dll+0x6e4fae]
V  [jvm.dll+0x3c0be3]
V  [jvm.dll+0x3c2e91]
C  [jli.dll+0x5373]
C  [ucrtbase.dll+0x21bb2]
C  [KERNEL32.DLL+0x17034]
C  [ntdll.dll+0x52651]


---------------  P R O C E S S  ---------------

Threads class SMR info:
_java_thread_list=0x000001c2548763f0, length=0, elements={
}

Java Threads: ( => current thread )

Other Threads:
  0x000001c2549b4000 GCTaskThread "GC Thread#0" [stack: 0x00000071ee400000,0x00000071ee500000] [id=12560]
  0x000001c254a0f000 ConcurrentGCThread "G1 Main Marker" [stack: 0x00000071ee500000,0x00000071ee600000] [id=32196]
  0x000001c254a10000 ConcurrentGCThread "G1 Conc#0" [stack: 0x00000071ee600000,0x00000071ee700000] [id=32280]

[error occurred during error reporting (printing all threads), id 0xc0000005, EXCEPTION_ACCESS_VIOLATION (0xc0000005) at pc=0x00007fff71f59107]

VM state:not at safepoint (not fully initialized)

VM Mutex/Monitor currently owned by a thread:  ([mutex/lock_event])
[0x000001c254999460] Heap_lock - owner thread: 0x000001c25499c800

Heap address: 0x0000000709e00000, size: 3938 MB, Compressed Oops mode: Non-zero based: 0x0000000709e00000
Narrow klass base: 0x0000000000000000, Narrow klass shift: 0

GC Heap History (0 events):
No events

Deoptimization events (0 events):
No events

Classes redefined (0 events):
No events

Internal exceptions (0 events):
No events

Events (1 events):
Event: 0.005 Loaded shared library C:\Program Files\Android\Android Studio\jre\bin\zip.dll


Dynamic libraries:
0x00007ff663b20000 - 0x00007ff663b2a000 	C:\Program Files\Android\Android Studio\jre\bin\java.exe
0x00007fffced50000 - 0x00007fffcef45000 	C:\windows\SYSTEM32\ntdll.dll
0x00007fffcd2e0000 - 0x00007fffcd39e000 	C:\windows\System32\KERNEL32.DLL
0x00007fffcc470000 - 0x00007fffcc739000 	C:\windows\System32\KERNELBASE.dll
0x00007fffcc740000 - 0x00007fffcc840000 	C:\windows\System32\ucrtbase.dll
0x00007fffc9a90000 - 0x00007fffc9aa9000 	C:\Program Files\Android\Android Studio\jre\bin\jli.dll
0x00007fffcced0000 - 0x00007fffcd071000 	C:\windows\System32\USER32.dll
0x00007fffccb20000 - 0x00007fffccb42000 	C:\windows\System32\win32u.dll
0x00007fffb1ff0000 - 0x00007fffb2007000 	C:\Program Files\Android\Android Studio\jre\bin\VCRUNTIME140.dll
0x00007fffaec60000 - 0x00007fffaeefa000 	C:\windows\WinSxS\amd64_microsoft.windows.common-controls_6595b64144ccf1df_6.0.19041.1110_none_60b5254171f9507e\COMCTL32.dll
0x00007fffce650000 - 0x00007fffce67b000 	C:\windows\System32\GDI32.dll
0x00007fffcec60000 - 0x00007fffcecfe000 	C:\windows\System32\msvcrt.dll
0x00007fffccb50000 - 0x00007fffccc5b000 	C:\windows\System32\gdi32full.dll
0x00007fffcca80000 - 0x00007fffccb1d000 	C:\windows\System32\msvcp_win.dll
0x00007fffcd230000 - 0x00007fffcd260000 	C:\windows\System32\IMM32.DLL
0x00007fffa9ba0000 - 0x00007fffa9c3d000 	C:\Program Files\Android\Android Studio\jre\bin\msvcp140.dll
0x00007fff71c70000 - 0x00007fff7273f000 	C:\Program Files\Android\Android Studio\jre\bin\server\jvm.dll
0x00007fffceb00000 - 0x00007fffcebac000 	C:\windows\System32\ADVAPI32.dll
0x00007fffcd3a0000 - 0x00007fffcd43b000 	C:\windows\System32\sechost.dll
0x00007fffce270000 - 0x00007fffce39a000 	C:\windows\System32\RPCRT4.dll
0x00007fffce070000 - 0x00007fffce078000 	C:\windows\System32\PSAPI.DLL
0x00007fffc43f0000 - 0x00007fffc43fa000 	C:\windows\SYSTEM32\VERSION.dll
0x00007fffc9990000 - 0x00007fffc9999000 	C:\windows\SYSTEM32\WSOCK32.dll
0x00007fffbca00000 - 0x00007fffbca27000 	C:\windows\SYSTEM32\WINMM.dll
0x00007fffcd450000 - 0x00007fffcd4bb000 	C:\windows\System32\WS2_32.dll
0x00007fffca390000 - 0x00007fffca3a2000 	C:\windows\SYSTEM32\kernel.appcore.dll
0x00007fffc6fe0000 - 0x00007fffc6ff1000 	C:\Program Files\Android\Android Studio\jre\bin\verify.dll
0x00007fffbdc80000 - 0x00007fffbde64000 	C:\windows\SYSTEM32\DBGHELP.DLL
0x00007fffaaa90000 - 0x00007fffaaabc000 	C:\windows\SYSTEM32\dbgcore.DLL
0x00007fffccc60000 - 0x00007fffccce3000 	C:\windows\System32\bcryptPrimitives.dll
0x00007fffae810000 - 0x00007fffae839000 	C:\Program Files\Android\Android Studio\jre\bin\java.dll
0x00007fffc6fd0000 - 0x00007fffc6fdb000 	C:\Program Files\Android\Android Studio\jre\bin\jimage.dll
0x00007fffc6f90000 - 0x00007fffc6fa8000 	C:\Program Files\Android\Android Studio\jre\bin\zip.dll

dbghelp: loaded successfully - version: 4.0.5 - missing functions: none
symbol engine: initialized successfully - sym options: 0x614 - pdb path: .;C:\Program Files\Android\Android Studio\jre\bin;C:\windows\SYSTEM32;C:\windows\WinSxS\amd64_microsoft.windows.common-controls_6595b64144ccf1df_6.0.19041.1110_none_60b5254171f9507e;C:\Program Files\Android\Android Studio\jre\bin\server

VM Arguments:
java_command: org.jetbrains.kotlin.cli.jvm.K2JVMCompiler @D:\School\CriminalApp\app\build\20211103_3982551130540625102.compiler.options
java_class_path (initial): C:\Users\ilesh\.gradle\caches\modules-2\files-2.1\org.jetbrains.kotlin\kotlin-compiler-embeddable\1.5.31\cc18c29253541dc57c25c3ef514d63c7953ae1a6\kotlin-compiler-embeddable-1.5.31.jar;C:\Users\ilesh\.gradle\caches\modules-2\files-2.1\org.jetbrains.kotlin\kotlin-reflect\1.5.31\1523fcd842a47da0820cea772b19c51056fec8a9\kotlin-reflect-1.5.31.jar;C:\Users\ilesh\.gradle\caches\modules-2\files-2.1\org.jetbrains.kotlin\kotlin-stdlib\1.5.31\6628d61d0f5603568e72d2d5915d2c034b4f1c55\kotlin-stdlib-1.5.31.jar;C:\Users\ilesh\.gradle\caches\modules-2\files-2.1\org.jetbrains.kotlin\kotlin-script-runtime\1.5.31\aaea854be2cfc06373dfc11be5a6ba9ca5ca84a6\kotlin-script-runtime-1.5.31.jar;C:\Users\ilesh\.gradle\caches\modules-2\files-2.1\org.jetbrains.kotlin\kotlin-daemon-embeddable\1.5.31\d19b549661e28c62781683dc7c7e34bf416974f1\kotlin-daemon-embeddable-1.5.31.jar;C:\Users\ilesh\.gradle\caches\modules-2\files-2.1\org.jetbrains.intellij.deps\trove4j\1.0.20181211\216c2e14b070f334479d800987affe4054cd563f\trove4j-1.0.20181211.jar;C:\Users\ilesh\.gradle\caches\modules-2\files-2.1\org.jetbrains\annotations\13.0\919f0dfe192fb4e063e7dacadee7f8bb9a2672a9\annotations-13.0.jar;C:\Users\ilesh\.gradle\caches\modules-2\files-2.1\org.jetbrains.kotlin\kotlin-stdlib-common\1.5.31\43331609c7de811fed085e0dfd150874b157c32\kotlin-stdlib-common-1.5.31.jar
Launcher Type: SUN_STANDARD

[Global flags]
     intx CICompilerCount                          = 4                                         {product} {ergonomic}
     uint ConcGCThreads                            = 3                                         {product} {ergonomic}
     uint G1ConcRefinementThreads                  = 10                                        {product} {ergonomic}
   size_t G1HeapRegionSize                         = 1048576                                   {product} {ergonomic}
    uintx GCDrainStackTargetSize                   = 64                                        {product} {ergonomic}
   size_t InitialHeapSize                          = 260046848                                 {product} {ergonomic}
   size_t MarkStackSize                            = 4194304                                   {product} {ergonomic}
   size_t MaxHeapSize                              = 4129292288                                {product} {ergonomic}
   size_t MinHeapDeltaBytes                        = 1048576                                   {product} {ergonomic}
    uintx NonNMethodCodeHeapSize                   = 5836300                                {pd product} {ergonomic}
    uintx NonProfiledCodeHeapSize                  = 122910970                              {pd product} {ergonomic}
    uintx ProfiledCodeHeapSize                     = 122910970                              {pd product} {ergonomic}
    uintx ReservedCodeCacheSize                    = 251658240                              {pd product} {ergonomic}
     bool SegmentedCodeCache                       = true                                      {product} {ergonomic}
     bool UseCompressedClassPointers               = true                                 {lp64_product} {ergonomic}
     bool UseCompressedOops                        = true                                 {lp64_product} {ergonomic}
     bool UseG1GC                                  = true                                      {product} {ergonomic}
     bool UseLargePagesIndividualAllocation        = false                                  {pd product} {ergonomic}

Logging:
Log output configuration:
 #0: stdout all=warning uptime,level,tags
 #1: stderr all=off uptime,level,tags

Environment Variables:
PATH=C:\Program Files\Common Files\Oracle\Java\javapath;C:\Program Files (x86)\Common Files\Oracle\Java\javapath;C:\Program Files (x86)\Razer\ChromaBroadcast\bin;C:\Program Files\Razer\ChromaBroadcast\bin;C:\Program Files (x86)\Razer Chroma SDK\bin;C:\Program Files\Razer Chroma SDK\bin;C:\windows\system32;C:\windows;C:\windows\System32\Wbem;C:\windows\System32\WindowsPowerShell\v1.0\;C:\windows\System32\OpenSSH\;C:\Program Files (x86)\NVIDIA Corporation\PhysX\Common;C:\Program Files\NVIDIA Corporation\NVIDIA NvDLISR;C:\Users\ilesh\AppData\Local\Programs\Python\Python39\Scripts\;C:\Users\ilesh\AppData\Local\Programs\Python\Python39\;C:\Users\ilesh\AppData\Local\Microsoft\WindowsApps;C:\Users\ilesh\AppData\Local\Programs\Microsoft VS Code\bin;C:\Users\ilesh\AppData\Local\GitHubDesktop\bin;C:\Program Files\dotnet\;C:\Program Files\Microsoft SQL Server\130\Tools\Binn\;";C:\Program Files\nodejs\";C:\Program Files\nodejs\;C:\Program Files\Git\cmd;C:\Users\ilesh\AppData\Local\Programs\Python\Python39\Scripts\;C:\Users\ilesh\AppData\Local\Programs\Python\Python39\;C:\Users\ilesh\AppData\Local\Microsoft\WindowsApps;C:\Users\ilesh\AppData\Local\Programs\Microsoft VS Code\bin;C:\Users\ilesh\AppData\Local\GitHubDesktop\bin;"C:\Program Files\Java\jdk1.6.0_27\bin;";C:\Program Files\JetBrains\PyCharm Community Edition 2021.1\bin;;C:\Users\ilesh\.dotnet\tools;C:\Users\ilesh\AppData\Local\hyper\app-3.0.2\resources\bin;";C:\Program Files\nodejs\";C:\Users\ilesh\AppData\Roaming\npm;D:\IntelliJ IDEA Community Edition 2021.2.1\bin;
USERNAME=ilesh
OS=Windows_NT
PROCESSOR_IDENTIFIER=AMD64 Family 23 Model 96 Stepping 1, AuthenticAMD



---------------  S Y S T E M  ---------------

OS: Windows 10 , 64 bit Build 19041 (10.0.19041.1202)
OS uptime: 3 days 20:33 hours

CPU:total 12 (initial active 12) (12 cores per cpu, 2 threads per core) family 23 model 96 stepping 1 microcode 0x0, cmov, cx8, fxsr, mmx, sse, sse2, sse3, ssse3, sse4.1, sse4.2, popcnt, avx, avx2, aes, clmul, mmxext, 3dnowpref, lzcnt, sse4a, ht, tsc, tscinvbit, tscinv, bmi1, bmi2, adx, 

Memory: 4k page, system-wide physical 15746M (2636M free)
TotalPageFile size 23508M (AvailPageFile size 72M)
current process WorkingSet (physical memory assigned to process): 10M, peak: 10M
current process commit charge ("private bytes"): 64M, peak: 312M

vm_info: OpenJDK 64-Bit Server VM (11.0.10+0-b96-7249189) for windows-amd64 JRE (11.0.10+0-b96-7249189), built on Mar 31 2021 21:44:00 by "builder" with MS VC++ 14.0 (VS2015)

END.
